<?xml version="1.0" encoding="UTF-8"?>
<testsuite name="HelloMavenTest" time="11.632" tests="2" errors="0" skipped="0" failures="1">
  <properties>
[...]
</properties>
  <testcase name="sayHelloReturnsHelloMaven" classname="HelloMavenTest" time="8.174"/>
  <testcase name="retrieveFlightsAddsAppropriate" classname="HelloMavenTest" time="3.458">
    <failure message="expected:&lt;application/json[]&gt; but was:&lt;application/json[;charset=UTF-8]&gt;" type="org.junit.ComparisonFailure"><![CDATA[org.junit.ComparisonFailure: expected:<application/json[]> but was:<application/json[;charset=UTF-8]>
	at org.junit.Assert.assertEquals(Assert.java:115)
	at org.junit.Assert.assertEquals(Assert.java:144)
	at HelloMavenTest.retrieveFlightsAddsAppropriate(HelloMavenTest.java:19)
]]></failure>
    <system-out><![CDATA[
================================================================================
= Testing: retrieveFlightsAddsAppropriate                                      =
================================================================================
INFO  2015-08-11 10:15:43,608 [Thread-13] HelloMavenTest: Using working directory for test: C:\Users\00808911\AppData\Local\Temp\junit990179085542662140
WARN  2015-08-11 10:15:45,096 [Thread-13] org.mule.model.seda.SedaModel: The <model> element is deprecated in Mule 3.4 and will be removed in Mule 4.0.  Flows do not need to be configured inside a <model> element. 
WARN  2015-08-11 10:15:45,097 [Thread-13] org.mule.model.seda.SedaService: Services (SedaService or any custom implementation) are deprecated in Mule 3.4 and will be removed in Mule 4.0. 
WARN  2015-08-11 10:15:45,197 [Thread-13] com.mulesoft.mule.transport.jms.EeJmsMessageDispatcher: Starting patched JmsMessageReceiver
WARN  2015-08-11 10:15:45,202 [Thread-13] org.mule.transport.jms.JmsMessageUtils: Header: Content-Type is not compliant with JMS specification (sec. 3.5.1, 3.8.1.1). It will cause problems in your and other applications. Please update your application code to correct this. Mule renamed it to Content_Type
]]></system-out>
  </testcase>
</testsuite>